

Started GET "/" for ::1 at 2015-11-21 15:01:00 -0800
Processing by Rails::WelcomeController#index as HTML
  Rendered /Users/peiyang/.rvm/gems/ruby-2.2.0/gems/railties-4.2.0/lib/rails/templates/rails/welcome/index.html.erb (1.8ms)
Completed 200 OK in 23ms (Views: 11.6ms | ActiveRecord: 0.0ms)


Started GET "/" for ::1 at 2015-11-21 15:43:48 -0800
Processing by Rails::WelcomeController#index as HTML
  Rendered /Users/peiyang/.rvm/gems/ruby-2.2.0/gems/railties-4.2.0/lib/rails/templates/rails/welcome/index.html.erb (1.9ms)
Completed 200 OK in 22ms (Views: 11.6ms | ActiveRecord: 0.0ms)


Started GET "/query?name=Yang" for ::1 at 2015-11-21 15:43:57 -0800

SyntaxError (/Users/peiyang/Documents/Projects/toyapp/app/controllers/webservices_controller.rb:9: syntax error, unexpected end-of-input, expecting keyword_end):
  app/controllers/webservices_controller.rb:9: syntax error, unexpected end-of-input, expecting keyword_end


  Rendered /Users/peiyang/.rvm/gems/ruby-2.2.0/gems/actionpack-4.2.0/lib/action_dispatch/middleware/templates/rescues/_source.erb (3.9ms)
  Rendered /Users/peiyang/.rvm/gems/ruby-2.2.0/gems/actionpack-4.2.0/lib/action_dispatch/middleware/templates/rescues/_trace.html.erb (2.7ms)
  Rendered /Users/peiyang/.rvm/gems/ruby-2.2.0/gems/actionpack-4.2.0/lib/action_dispatch/middleware/templates/rescues/_request_and_response.html.erb (1.7ms)
  Rendered /Users/peiyang/.rvm/gems/ruby-2.2.0/gems/actionpack-4.2.0/lib/action_dispatch/middleware/templates/rescues/diagnostics.html.erb within rescues/layout (58.6ms)
  Rendered /Users/peiyang/.rvm/gems/ruby-2.2.0/gems/web-console-2.1.2/lib/web_console/templates/_markup.html.erb (0.4ms)
  Rendered /Users/peiyang/.rvm/gems/ruby-2.2.0/gems/web-console-2.1.2/lib/web_console/templates/style.css.erb within layouts/inlined_string (0.4ms)
  Rendered /Users/peiyang/.rvm/gems/ruby-2.2.0/gems/web-console-2.1.2/lib/web_console/templates/_inner_console_markup.html.erb within layouts/inlined_string (0.3ms)
  Rendered /Users/peiyang/.rvm/gems/ruby-2.2.0/gems/web-console-2.1.2/lib/web_console/templates/_prompt_box_markup.html.erb within layouts/inlined_string (0.5ms)
  Rendered /Users/peiyang/.rvm/gems/ruby-2.2.0/gems/web-console-2.1.2/lib/web_console/templates/console.js.erb within layouts/javascript (65.6ms)
  Rendered /Users/peiyang/.rvm/gems/ruby-2.2.0/gems/web-console-2.1.2/lib/web_console/templates/main.js.erb within layouts/javascript (0.5ms)
  Rendered /Users/peiyang/.rvm/gems/ruby-2.2.0/gems/web-console-2.1.2/lib/web_console/templates/error_page.js.erb within layouts/javascript (0.5ms)
  Rendered /Users/peiyang/.rvm/gems/ruby-2.2.0/gems/web-console-2.1.2/lib/web_console/templates/index.html.erb (131.3ms)


Started GET "/query?name=Yang" for ::1 at 2015-11-21 15:44:16 -0800

LoadError (Unable to autoload constant WebservicesController, expected /Users/peiyang/Documents/Projects/toyapp/app/controllers/webservices_controller.rb to define it):
  activesupport (4.2.0) lib/active_support/dependencies.rb:495:in `load_missing_constant'
  activesupport (4.2.0) lib/active_support/dependencies.rb:184:in `const_missing'
  activesupport (4.2.0) lib/active_support/inflector/methods.rb:261:in `const_get'
  activesupport (4.2.0) lib/active_support/inflector/methods.rb:261:in `block in constantize'
  activesupport (4.2.0) lib/active_support/inflector/methods.rb:259:in `each'
  activesupport (4.2.0) lib/active_support/inflector/methods.rb:259:in `inject'
  activesupport (4.2.0) lib/active_support/inflector/methods.rb:259:in `constantize'
  activesupport (4.2.0) lib/active_support/dependencies.rb:566:in `get'
  activesupport (4.2.0) lib/active_support/dependencies.rb:597:in `constantize'
  actionpack (4.2.0) lib/action_dispatch/routing/route_set.rb:69:in `controller_reference'
  actionpack (4.2.0) lib/action_dispatch/routing/route_set.rb:59:in `controller'
  actionpack (4.2.0) lib/action_dispatch/routing/route_set.rb:38:in `serve'
  actionpack (4.2.0) lib/action_dispatch/journey/router.rb:43:in `block in serve'
  actionpack (4.2.0) lib/action_dispatch/journey/router.rb:30:in `each'
  actionpack (4.2.0) lib/action_dispatch/journey/router.rb:30:in `serve'
  actionpack (4.2.0) lib/action_dispatch/routing/route_set.rb:802:in `call'
  rack (1.6.0) lib/rack/etag.rb:24:in `call'
  rack (1.6.0) lib/rack/conditionalget.rb:25:in `call'
  rack (1.6.0) lib/rack/head.rb:13:in `call'
  actionpack (4.2.0) lib/action_dispatch/middleware/params_parser.rb:27:in `call'
  actionpack (4.2.0) lib/action_dispatch/middleware/flash.rb:260:in `call'
  rack (1.6.0) lib/rack/session/abstract/id.rb:225:in `context'
  rack (1.6.0) lib/rack/session/abstract/id.rb:220:in `call'
  actionpack (4.2.0) lib/action_dispatch/middleware/cookies.rb:560:in `call'
  activerecord (4.2.0) lib/active_record/query_cache.rb:36:in `call'
  activerecord (4.2.0) lib/active_record/connection_adapters/abstract/connection_pool.rb:647:in `call'
  activerecord (4.2.0) lib/active_record/migration.rb:378:in `call'
  actionpack (4.2.0) lib/action_dispatch/middleware/callbacks.rb:29:in `block in call'
  activesupport (4.2.0) lib/active_support/callbacks.rb:88:in `call'
  activesupport (4.2.0) lib/active_support/callbacks.rb:88:in `_run_callbacks'
  activesupport (4.2.0) lib/active_support/callbacks.rb:734:in `_run_call_callbacks'
  activesupport (4.2.0) lib/active_support/callbacks.rb:81:in `run_callbacks'
  actionpack (4.2.0) lib/action_dispatch/middleware/callbacks.rb:27:in `call'
  actionpack (4.2.0) lib/action_dispatch/middleware/reloader.rb:73:in `call'
  actionpack (4.2.0) lib/action_dispatch/middleware/remote_ip.rb:78:in `call'
  actionpack (4.2.0) lib/action_dispatch/middleware/debug_exceptions.rb:17:in `call'
  web-console (2.1.2) lib/web_console/middleware.rb:37:in `call'
  actionpack (4.2.0) lib/action_dispatch/middleware/show_exceptions.rb:30:in `call'
  railties (4.2.0) lib/rails/rack/logger.rb:38:in `call_app'
  railties (4.2.0) lib/rails/rack/logger.rb:20:in `block in call'
  activesupport (4.2.0) lib/active_support/tagged_logging.rb:68:in `block in tagged'
  activesupport (4.2.0) lib/active_support/tagged_logging.rb:26:in `tagged'
  activesupport (4.2.0) lib/active_support/tagged_logging.rb:68:in `tagged'
  railties (4.2.0) lib/rails/rack/logger.rb:20:in `call'
  actionpack (4.2.0) lib/action_dispatch/middleware/request_id.rb:21:in `call'
  rack (1.6.0) lib/rack/methodoverride.rb:22:in `call'
  rack (1.6.0) lib/rack/runtime.rb:18:in `call'
  activesupport (4.2.0) lib/active_support/cache/strategy/local_cache_middleware.rb:28:in `call'
  rack (1.6.0) lib/rack/lock.rb:17:in `call'
  actionpack (4.2.0) lib/action_dispatch/middleware/static.rb:113:in `call'
  rack (1.6.0) lib/rack/sendfile.rb:113:in `call'
  railties (4.2.0) lib/rails/engine.rb:518:in `call'
  railties (4.2.0) lib/rails/application.rb:164:in `call'
  rack (1.6.0) lib/rack/lock.rb:17:in `call'
  rack (1.6.0) lib/rack/content_length.rb:15:in `call'
  rack (1.6.0) lib/rack/handler/webrick.rb:89:in `service'
  /Users/peiyang/.rvm/rubies/ruby-2.2.0/lib/ruby/2.2.0/webrick/httpserver.rb:138:in `service'
  /Users/peiyang/.rvm/rubies/ruby-2.2.0/lib/ruby/2.2.0/webrick/httpserver.rb:94:in `run'
  /Users/peiyang/.rvm/rubies/ruby-2.2.0/lib/ruby/2.2.0/webrick/server.rb:294:in `block in start_thread'


  Rendered /Users/peiyang/.rvm/gems/ruby-2.2.0/gems/actionpack-4.2.0/lib/action_dispatch/middleware/templates/rescues/_source.erb (3.7ms)
  Rendered /Users/peiyang/.rvm/gems/ruby-2.2.0/gems/actionpack-4.2.0/lib/action_dispatch/middleware/templates/rescues/_trace.html.erb (2.1ms)
  Rendered /Users/peiyang/.rvm/gems/ruby-2.2.0/gems/actionpack-4.2.0/lib/action_dispatch/middleware/templates/rescues/_request_and_response.html.erb (1.1ms)
  Rendered /Users/peiyang/.rvm/gems/ruby-2.2.0/gems/actionpack-4.2.0/lib/action_dispatch/middleware/templates/rescues/diagnostics.html.erb within rescues/layout (51.2ms)
  Rendered /Users/peiyang/.rvm/gems/ruby-2.2.0/gems/web-console-2.1.2/lib/web_console/templates/_markup.html.erb (0.3ms)
  Rendered /Users/peiyang/.rvm/gems/ruby-2.2.0/gems/web-console-2.1.2/lib/web_console/templates/style.css.erb within layouts/inlined_string (0.3ms)
  Rendered /Users/peiyang/.rvm/gems/ruby-2.2.0/gems/web-console-2.1.2/lib/web_console/templates/_inner_console_markup.html.erb within layouts/inlined_string (0.3ms)
  Rendered /Users/peiyang/.rvm/gems/ruby-2.2.0/gems/web-console-2.1.2/lib/web_console/templates/_prompt_box_markup.html.erb within layouts/inlined_string (0.3ms)
  Rendered /Users/peiyang/.rvm/gems/ruby-2.2.0/gems/web-console-2.1.2/lib/web_console/templates/console.js.erb within layouts/javascript (45.2ms)
  Rendered /Users/peiyang/.rvm/gems/ruby-2.2.0/gems/web-console-2.1.2/lib/web_console/templates/main.js.erb within layouts/javascript (0.3ms)
  Rendered /Users/peiyang/.rvm/gems/ruby-2.2.0/gems/web-console-2.1.2/lib/web_console/templates/error_page.js.erb within layouts/javascript (0.6ms)
  Rendered /Users/peiyang/.rvm/gems/ruby-2.2.0/gems/web-console-2.1.2/lib/web_console/templates/index.html.erb (118.1ms)


Started GET "/query?name=Yang" for ::1 at 2015-11-21 15:44:48 -0800
Processing by WebservicesController#query as HTML
  Parameters: {"name"=>"Yang"}
Completed 406 Not Acceptable in 1ms

ActionController::UnknownFormat (ActionController::UnknownFormat):
  app/controllers/webservices_controller.rb:6:in `query'


  Rendered /Users/peiyang/.rvm/gems/ruby-2.2.0/gems/actionpack-4.2.0/lib/action_dispatch/middleware/templates/rescues/_source.erb (4.8ms)
  Rendered /Users/peiyang/.rvm/gems/ruby-2.2.0/gems/actionpack-4.2.0/lib/action_dispatch/middleware/templates/rescues/_trace.html.erb (2.6ms)
  Rendered /Users/peiyang/.rvm/gems/ruby-2.2.0/gems/actionpack-4.2.0/lib/action_dispatch/middleware/templates/rescues/_request_and_response.html.erb (1.0ms)
  Rendered /Users/peiyang/.rvm/gems/ruby-2.2.0/gems/actionpack-4.2.0/lib/action_dispatch/middleware/templates/rescues/diagnostics.html.erb within rescues/layout (50.5ms)
  Rendered /Users/peiyang/.rvm/gems/ruby-2.2.0/gems/web-console-2.1.2/lib/web_console/templates/_markup.html.erb (0.3ms)
  Rendered /Users/peiyang/.rvm/gems/ruby-2.2.0/gems/web-console-2.1.2/lib/web_console/templates/style.css.erb within layouts/inlined_string (1.0ms)
  Rendered /Users/peiyang/.rvm/gems/ruby-2.2.0/gems/web-console-2.1.2/lib/web_console/templates/_inner_console_markup.html.erb within layouts/inlined_string (0.8ms)
  Rendered /Users/peiyang/.rvm/gems/ruby-2.2.0/gems/web-console-2.1.2/lib/web_console/templates/_prompt_box_markup.html.erb within layouts/inlined_string (0.3ms)
  Rendered /Users/peiyang/.rvm/gems/ruby-2.2.0/gems/web-console-2.1.2/lib/web_console/templates/console.js.erb within layouts/javascript (66.3ms)
  Rendered /Users/peiyang/.rvm/gems/ruby-2.2.0/gems/web-console-2.1.2/lib/web_console/templates/main.js.erb within layouts/javascript (0.4ms)
  Rendered /Users/peiyang/.rvm/gems/ruby-2.2.0/gems/web-console-2.1.2/lib/web_console/templates/error_page.js.erb within layouts/javascript (1.6ms)
  Rendered /Users/peiyang/.rvm/gems/ruby-2.2.0/gems/web-console-2.1.2/lib/web_console/templates/index.html.erb (119.1ms)


Started GET "/query?name=Yang(:json)" for ::1 at 2015-11-21 15:46:53 -0800
Processing by WebservicesController#query as HTML
  Parameters: {"name"=>"Yang(:json)"}
Completed 406 Not Acceptable in 1ms

ActionController::UnknownFormat (ActionController::UnknownFormat):
  app/controllers/webservices_controller.rb:6:in `query'


  Rendered /Users/peiyang/.rvm/gems/ruby-2.2.0/gems/actionpack-4.2.0/lib/action_dispatch/middleware/templates/rescues/_source.erb (6.2ms)
  Rendered /Users/peiyang/.rvm/gems/ruby-2.2.0/gems/actionpack-4.2.0/lib/action_dispatch/middleware/templates/rescues/_trace.html.erb (2.6ms)
  Rendered /Users/peiyang/.rvm/gems/ruby-2.2.0/gems/actionpack-4.2.0/lib/action_dispatch/middleware/templates/rescues/_request_and_response.html.erb (1.0ms)
  Rendered /Users/peiyang/.rvm/gems/ruby-2.2.0/gems/actionpack-4.2.0/lib/action_dispatch/middleware/templates/rescues/diagnostics.html.erb within rescues/layout (51.7ms)
  Rendered /Users/peiyang/.rvm/gems/ruby-2.2.0/gems/web-console-2.1.2/lib/web_console/templates/_markup.html.erb (0.6ms)
  Rendered /Users/peiyang/.rvm/gems/ruby-2.2.0/gems/web-console-2.1.2/lib/web_console/templates/style.css.erb within layouts/inlined_string (0.3ms)
  Rendered /Users/peiyang/.rvm/gems/ruby-2.2.0/gems/web-console-2.1.2/lib/web_console/templates/_inner_console_markup.html.erb within layouts/inlined_string (0.3ms)
  Rendered /Users/peiyang/.rvm/gems/ruby-2.2.0/gems/web-console-2.1.2/lib/web_console/templates/_prompt_box_markup.html.erb within layouts/inlined_string (0.4ms)
  Rendered /Users/peiyang/.rvm/gems/ruby-2.2.0/gems/web-console-2.1.2/lib/web_console/templates/console.js.erb within layouts/javascript (58.8ms)
  Rendered /Users/peiyang/.rvm/gems/ruby-2.2.0/gems/web-console-2.1.2/lib/web_console/templates/main.js.erb within layouts/javascript (0.3ms)
  Rendered /Users/peiyang/.rvm/gems/ruby-2.2.0/gems/web-console-2.1.2/lib/web_console/templates/error_page.js.erb within layouts/javascript (0.6ms)
  Rendered /Users/peiyang/.rvm/gems/ruby-2.2.0/gems/web-console-2.1.2/lib/web_console/templates/index.html.erb (122.2ms)


Started GET "/query?name=Yang(.:json)" for ::1 at 2015-11-21 15:46:58 -0800
Processing by WebservicesController#query as HTML
  Parameters: {"name"=>"Yang(.:json)"}
Completed 406 Not Acceptable in 1ms

ActionController::UnknownFormat (ActionController::UnknownFormat):
  app/controllers/webservices_controller.rb:6:in `query'


  Rendered /Users/peiyang/.rvm/gems/ruby-2.2.0/gems/actionpack-4.2.0/lib/action_dispatch/middleware/templates/rescues/_source.erb (8.4ms)
  Rendered /Users/peiyang/.rvm/gems/ruby-2.2.0/gems/actionpack-4.2.0/lib/action_dispatch/middleware/templates/rescues/_trace.html.erb (2.3ms)
  Rendered /Users/peiyang/.rvm/gems/ruby-2.2.0/gems/actionpack-4.2.0/lib/action_dispatch/middleware/templates/rescues/_request_and_response.html.erb (0.9ms)
  Rendered /Users/peiyang/.rvm/gems/ruby-2.2.0/gems/actionpack-4.2.0/lib/action_dispatch/middleware/templates/rescues/diagnostics.html.erb within rescues/layout (51.3ms)
  Rendered /Users/peiyang/.rvm/gems/ruby-2.2.0/gems/web-console-2.1.2/lib/web_console/templates/_markup.html.erb (0.3ms)
  Rendered /Users/peiyang/.rvm/gems/ruby-2.2.0/gems/web-console-2.1.2/lib/web_console/templates/style.css.erb within layouts/inlined_string (0.3ms)
  Rendered /Users/peiyang/.rvm/gems/ruby-2.2.0/gems/web-console-2.1.2/lib/web_console/templates/_inner_console_markup.html.erb within layouts/inlined_string (0.3ms)
  Rendered /Users/peiyang/.rvm/gems/ruby-2.2.0/gems/web-console-2.1.2/lib/web_console/templates/_prompt_box_markup.html.erb within layouts/inlined_string (0.3ms)
  Rendered /Users/peiyang/.rvm/gems/ruby-2.2.0/gems/web-console-2.1.2/lib/web_console/templates/console.js.erb within layouts/javascript (41.5ms)
  Rendered /Users/peiyang/.rvm/gems/ruby-2.2.0/gems/web-console-2.1.2/lib/web_console/templates/main.js.erb within layouts/javascript (0.4ms)
  Rendered /Users/peiyang/.rvm/gems/ruby-2.2.0/gems/web-console-2.1.2/lib/web_console/templates/error_page.js.erb within layouts/javascript (0.5ms)
  Rendered /Users/peiyang/.rvm/gems/ruby-2.2.0/gems/web-console-2.1.2/lib/web_console/templates/index.html.erb (92.6ms)


Started GET "/query?name=Yang/json" for ::1 at 2015-11-21 15:47:18 -0800
Processing by WebservicesController#query as HTML
  Parameters: {"name"=>"Yang/json"}
Completed 406 Not Acceptable in 1ms

ActionController::UnknownFormat (ActionController::UnknownFormat):
  app/controllers/webservices_controller.rb:6:in `query'


  Rendered /Users/peiyang/.rvm/gems/ruby-2.2.0/gems/actionpack-4.2.0/lib/action_dispatch/middleware/templates/rescues/_source.erb (5.5ms)
  Rendered /Users/peiyang/.rvm/gems/ruby-2.2.0/gems/actionpack-4.2.0/lib/action_dispatch/middleware/templates/rescues/_trace.html.erb (2.1ms)
  Rendered /Users/peiyang/.rvm/gems/ruby-2.2.0/gems/actionpack-4.2.0/lib/action_dispatch/middleware/templates/rescues/_request_and_response.html.erb (1.7ms)
  Rendered /Users/peiyang/.rvm/gems/ruby-2.2.0/gems/actionpack-4.2.0/lib/action_dispatch/middleware/templates/rescues/diagnostics.html.erb within rescues/layout (58.6ms)
  Rendered /Users/peiyang/.rvm/gems/ruby-2.2.0/gems/web-console-2.1.2/lib/web_console/templates/_markup.html.erb (0.4ms)
  Rendered /Users/peiyang/.rvm/gems/ruby-2.2.0/gems/web-console-2.1.2/lib/web_console/templates/style.css.erb within layouts/inlined_string (0.4ms)
  Rendered /Users/peiyang/.rvm/gems/ruby-2.2.0/gems/web-console-2.1.2/lib/web_console/templates/_inner_console_markup.html.erb within layouts/inlined_string (0.3ms)
  Rendered /Users/peiyang/.rvm/gems/ruby-2.2.0/gems/web-console-2.1.2/lib/web_console/templates/_prompt_box_markup.html.erb within layouts/inlined_string (0.3ms)
  Rendered /Users/peiyang/.rvm/gems/ruby-2.2.0/gems/web-console-2.1.2/lib/web_console/templates/console.js.erb within layouts/javascript (41.7ms)
  Rendered /Users/peiyang/.rvm/gems/ruby-2.2.0/gems/web-console-2.1.2/lib/web_console/templates/main.js.erb within layouts/javascript (14.6ms)
  Rendered /Users/peiyang/.rvm/gems/ruby-2.2.0/gems/web-console-2.1.2/lib/web_console/templates/error_page.js.erb within layouts/javascript (4.2ms)
  Rendered /Users/peiyang/.rvm/gems/ruby-2.2.0/gems/web-console-2.1.2/lib/web_console/templates/index.html.erb (116.8ms)


Started GET "/query?name=Yang.json" for ::1 at 2015-11-21 15:48:05 -0800
Processing by WebservicesController#query as HTML
  Parameters: {"name"=>"Yang.json"}
Completed 406 Not Acceptable in 1ms

ActionController::UnknownFormat (ActionController::UnknownFormat):
  app/controllers/webservices_controller.rb:6:in `query'


  Rendered /Users/peiyang/.rvm/gems/ruby-2.2.0/gems/actionpack-4.2.0/lib/action_dispatch/middleware/templates/rescues/_source.erb (4.5ms)
  Rendered /Users/peiyang/.rvm/gems/ruby-2.2.0/gems/actionpack-4.2.0/lib/action_dispatch/middleware/templates/rescues/_trace.html.erb (2.1ms)
  Rendered /Users/peiyang/.rvm/gems/ruby-2.2.0/gems/actionpack-4.2.0/lib/action_dispatch/middleware/templates/rescues/_request_and_response.html.erb (0.9ms)
  Rendered /Users/peiyang/.rvm/gems/ruby-2.2.0/gems/actionpack-4.2.0/lib/action_dispatch/middleware/templates/rescues/diagnostics.html.erb within rescues/layout (51.5ms)
  Rendered /Users/peiyang/.rvm/gems/ruby-2.2.0/gems/web-console-2.1.2/lib/web_console/templates/_markup.html.erb (0.4ms)
  Rendered /Users/peiyang/.rvm/gems/ruby-2.2.0/gems/web-console-2.1.2/lib/web_console/templates/style.css.erb within layouts/inlined_string (0.3ms)
  Rendered /Users/peiyang/.rvm/gems/ruby-2.2.0/gems/web-console-2.1.2/lib/web_console/templates/_inner_console_markup.html.erb within layouts/inlined_string (0.3ms)
  Rendered /Users/peiyang/.rvm/gems/ruby-2.2.0/gems/web-console-2.1.2/lib/web_console/templates/_prompt_box_markup.html.erb within layouts/inlined_string (0.3ms)
  Rendered /Users/peiyang/.rvm/gems/ruby-2.2.0/gems/web-console-2.1.2/lib/web_console/templates/console.js.erb within layouts/javascript (45.1ms)
  Rendered /Users/peiyang/.rvm/gems/ruby-2.2.0/gems/web-console-2.1.2/lib/web_console/templates/main.js.erb within layouts/javascript (0.3ms)
  Rendered /Users/peiyang/.rvm/gems/ruby-2.2.0/gems/web-console-2.1.2/lib/web_console/templates/error_page.js.erb within layouts/javascript (0.8ms)
  Rendered /Users/peiyang/.rvm/gems/ruby-2.2.0/gems/web-console-2.1.2/lib/web_console/templates/index.html.erb (112.2ms)


Started GET "/query?name=Yang" for ::1 at 2015-11-21 15:48:21 -0800
Processing by WebservicesController#query as HTML
  Parameters: {"name"=>"Yang"}
Completed 406 Not Acceptable in 1ms

ActionController::UnknownFormat (ActionController::UnknownFormat):
  app/controllers/webservices_controller.rb:6:in `query'


  Rendered /Users/peiyang/.rvm/gems/ruby-2.2.0/gems/actionpack-4.2.0/lib/action_dispatch/middleware/templates/rescues/_source.erb (4.4ms)
  Rendered /Users/peiyang/.rvm/gems/ruby-2.2.0/gems/actionpack-4.2.0/lib/action_dispatch/middleware/templates/rescues/_trace.html.erb (2.3ms)
  Rendered /Users/peiyang/.rvm/gems/ruby-2.2.0/gems/actionpack-4.2.0/lib/action_dispatch/middleware/templates/rescues/_request_and_response.html.erb (0.9ms)
  Rendered /Users/peiyang/.rvm/gems/ruby-2.2.0/gems/actionpack-4.2.0/lib/action_dispatch/middleware/templates/rescues/diagnostics.html.erb within rescues/layout (50.7ms)
  Rendered /Users/peiyang/.rvm/gems/ruby-2.2.0/gems/web-console-2.1.2/lib/web_console/templates/_markup.html.erb (0.3ms)
  Rendered /Users/peiyang/.rvm/gems/ruby-2.2.0/gems/web-console-2.1.2/lib/web_console/templates/style.css.erb within layouts/inlined_string (0.4ms)
  Rendered /Users/peiyang/.rvm/gems/ruby-2.2.0/gems/web-console-2.1.2/lib/web_console/templates/_inner_console_markup.html.erb within layouts/inlined_string (0.3ms)
  Rendered /Users/peiyang/.rvm/gems/ruby-2.2.0/gems/web-console-2.1.2/lib/web_console/templates/_prompt_box_markup.html.erb within layouts/inlined_string (0.2ms)
  Rendered /Users/peiyang/.rvm/gems/ruby-2.2.0/gems/web-console-2.1.2/lib/web_console/templates/console.js.erb within layouts/javascript (43.2ms)
  Rendered /Users/peiyang/.rvm/gems/ruby-2.2.0/gems/web-console-2.1.2/lib/web_console/templates/main.js.erb within layouts/javascript (0.3ms)
  Rendered /Users/peiyang/.rvm/gems/ruby-2.2.0/gems/web-console-2.1.2/lib/web_console/templates/error_page.js.erb within layouts/javascript (0.6ms)
  Rendered /Users/peiyang/.rvm/gems/ruby-2.2.0/gems/web-console-2.1.2/lib/web_console/templates/index.html.erb (110.2ms)


Started GET "/query?name=Yang" for ::1 at 2015-11-21 15:49:10 -0800
Processing by WebservicesController#query as HTML
  Parameters: {"name"=>"Yang"}
Completed 200 OK in 1ms (Views: 0.1ms | ActiveRecord: 0.0ms)


Started GET "/query?name=Yang" for ::1 at 2015-11-21 15:55:44 -0800

SyntaxError (/Users/peiyang/Documents/Projects/toyapp/app/controllers/webservices_controller.rb:24: syntax error, unexpected end-of-input, expecting keyword_end):
  app/controllers/webservices_controller.rb:24: syntax error, unexpected end-of-input, expecting keyword_end


  Rendered /Users/peiyang/.rvm/gems/ruby-2.2.0/gems/actionpack-4.2.0/lib/action_dispatch/middleware/templates/rescues/_source.erb (4.5ms)
  Rendered /Users/peiyang/.rvm/gems/ruby-2.2.0/gems/actionpack-4.2.0/lib/action_dispatch/middleware/templates/rescues/_trace.html.erb (2.3ms)
  Rendered /Users/peiyang/.rvm/gems/ruby-2.2.0/gems/actionpack-4.2.0/lib/action_dispatch/middleware/templates/rescues/_request_and_response.html.erb (1.1ms)
  Rendered /Users/peiyang/.rvm/gems/ruby-2.2.0/gems/actionpack-4.2.0/lib/action_dispatch/middleware/templates/rescues/diagnostics.html.erb within rescues/layout (53.8ms)
  Rendered /Users/peiyang/.rvm/gems/ruby-2.2.0/gems/web-console-2.1.2/lib/web_console/templates/_markup.html.erb (0.6ms)
  Rendered /Users/peiyang/.rvm/gems/ruby-2.2.0/gems/web-console-2.1.2/lib/web_console/templates/style.css.erb within layouts/inlined_string (0.5ms)
  Rendered /Users/peiyang/.rvm/gems/ruby-2.2.0/gems/web-console-2.1.2/lib/web_console/templates/_inner_console_markup.html.erb within layouts/inlined_string (0.3ms)
  Rendered /Users/peiyang/.rvm/gems/ruby-2.2.0/gems/web-console-2.1.2/lib/web_console/templates/_prompt_box_markup.html.erb within layouts/inlined_string (0.3ms)
  Rendered /Users/peiyang/.rvm/gems/ruby-2.2.0/gems/web-console-2.1.2/lib/web_console/templates/console.js.erb within layouts/javascript (60.1ms)
  Rendered /Users/peiyang/.rvm/gems/ruby-2.2.0/gems/web-console-2.1.2/lib/web_console/templates/main.js.erb within layouts/javascript (0.6ms)
  Rendered /Users/peiyang/.rvm/gems/ruby-2.2.0/gems/web-console-2.1.2/lib/web_console/templates/error_page.js.erb within layouts/javascript (0.5ms)
  Rendered /Users/peiyang/.rvm/gems/ruby-2.2.0/gems/web-console-2.1.2/lib/web_console/templates/index.html.erb (125.7ms)


Started GET "/query?name=Yang" for ::1 at 2015-11-21 15:55:52 -0800

SyntaxError (/Users/peiyang/Documents/Projects/toyapp/app/controllers/webservices_controller.rb:25: syntax error, unexpected end-of-input, expecting keyword_end):
  app/controllers/webservices_controller.rb:25: syntax error, unexpected end-of-input, expecting keyword_end


  Rendered /Users/peiyang/.rvm/gems/ruby-2.2.0/gems/actionpack-4.2.0/lib/action_dispatch/middleware/templates/rescues/_source.erb (3.7ms)
  Rendered /Users/peiyang/.rvm/gems/ruby-2.2.0/gems/actionpack-4.2.0/lib/action_dispatch/middleware/templates/rescues/_trace.html.erb (4.8ms)
  Rendered /Users/peiyang/.rvm/gems/ruby-2.2.0/gems/actionpack-4.2.0/lib/action_dispatch/middleware/templates/rescues/_request_and_response.html.erb (0.9ms)
  Rendered /Users/peiyang/.rvm/gems/ruby-2.2.0/gems/actionpack-4.2.0/lib/action_dispatch/middleware/templates/rescues/diagnostics.html.erb within rescues/layout (52.3ms)
  Rendered /Users/peiyang/.rvm/gems/ruby-2.2.0/gems/web-console-2.1.2/lib/web_console/templates/_markup.html.erb (0.3ms)
  Rendered /Users/peiyang/.rvm/gems/ruby-2.2.0/gems/web-console-2.1.2/lib/web_console/templates/style.css.erb within layouts/inlined_string (0.3ms)
  Rendered /Users/peiyang/.rvm/gems/ruby-2.2.0/gems/web-console-2.1.2/lib/web_console/templates/_inner_console_markup.html.erb within layouts/inlined_string (0.3ms)
  Rendered /Users/peiyang/.rvm/gems/ruby-2.2.0/gems/web-console-2.1.2/lib/web_console/templates/_prompt_box_markup.html.erb within layouts/inlined_string (0.5ms)
  Rendered /Users/peiyang/.rvm/gems/ruby-2.2.0/gems/web-console-2.1.2/lib/web_console/templates/console.js.erb within layouts/javascript (41.0ms)
  Rendered /Users/peiyang/.rvm/gems/ruby-2.2.0/gems/web-console-2.1.2/lib/web_console/templates/main.js.erb within layouts/javascript (0.4ms)
  Rendered /Users/peiyang/.rvm/gems/ruby-2.2.0/gems/web-console-2.1.2/lib/web_console/templates/error_page.js.erb within layouts/javascript (0.4ms)
  Rendered /Users/peiyang/.rvm/gems/ruby-2.2.0/gems/web-console-2.1.2/lib/web_console/templates/index.html.erb (89.9ms)


Started GET "/query?name=Yang" for ::1 at 2015-11-21 15:56:03 -0800
Processing by WebservicesController#query as HTML
  Parameters: {"name"=>"Yang"}
Completed 500 Internal Server Error in 616ms

EOFError (end of file reached):
  app/controllers/webservices_controller.rb:22:in `block in obtain_crime_by_zipcode'
  app/controllers/webservices_controller.rb:21:in `obtain_crime_by_zipcode'
  app/controllers/webservices_controller.rb:8:in `query'


  Rendered /Users/peiyang/.rvm/gems/ruby-2.2.0/gems/actionpack-4.2.0/lib/action_dispatch/middleware/templates/rescues/_source.erb (5.6ms)
  Rendered /Users/peiyang/.rvm/gems/ruby-2.2.0/gems/actionpack-4.2.0/lib/action_dispatch/middleware/templates/rescues/_trace.html.erb (2.5ms)
  Rendered /Users/peiyang/.rvm/gems/ruby-2.2.0/gems/actionpack-4.2.0/lib/action_dispatch/middleware/templates/rescues/_request_and_response.html.erb (1.4ms)
  Rendered /Users/peiyang/.rvm/gems/ruby-2.2.0/gems/actionpack-4.2.0/lib/action_dispatch/middleware/templates/rescues/diagnostics.html.erb within rescues/layout (50.1ms)
  Rendered /Users/peiyang/.rvm/gems/ruby-2.2.0/gems/web-console-2.1.2/lib/web_console/templates/_markup.html.erb (0.4ms)
  Rendered /Users/peiyang/.rvm/gems/ruby-2.2.0/gems/web-console-2.1.2/lib/web_console/templates/style.css.erb within layouts/inlined_string (0.3ms)
  Rendered /Users/peiyang/.rvm/gems/ruby-2.2.0/gems/web-console-2.1.2/lib/web_console/templates/_inner_console_markup.html.erb within layouts/inlined_string (0.3ms)
  Rendered /Users/peiyang/.rvm/gems/ruby-2.2.0/gems/web-console-2.1.2/lib/web_console/templates/_prompt_box_markup.html.erb within layouts/inlined_string (0.3ms)
  Rendered /Users/peiyang/.rvm/gems/ruby-2.2.0/gems/web-console-2.1.2/lib/web_console/templates/console.js.erb within layouts/javascript (43.0ms)
  Rendered /Users/peiyang/.rvm/gems/ruby-2.2.0/gems/web-console-2.1.2/lib/web_console/templates/main.js.erb within layouts/javascript (0.3ms)
  Rendered /Users/peiyang/.rvm/gems/ruby-2.2.0/gems/web-console-2.1.2/lib/web_console/templates/error_page.js.erb within layouts/javascript (0.4ms)
  Rendered /Users/peiyang/.rvm/gems/ruby-2.2.0/gems/web-console-2.1.2/lib/web_console/templates/index.html.erb (93.6ms)


Started GET "/query?name=Yang" for ::1 at 2015-11-21 16:04:31 -0800
Processing by WebservicesController#query as HTML
  Parameters: {"name"=>"Yang"}
Completed 500 Internal Server Error in 14ms

IOError (use_ssl value changed, but session already started):
  app/controllers/webservices_controller.rb:22:in `block in obtain_crime_by_zipcode'
  app/controllers/webservices_controller.rb:21:in `obtain_crime_by_zipcode'
  app/controllers/webservices_controller.rb:8:in `query'


  Rendered /Users/peiyang/.rvm/gems/ruby-2.2.0/gems/actionpack-4.2.0/lib/action_dispatch/middleware/templates/rescues/_source.erb (5.4ms)
  Rendered /Users/peiyang/.rvm/gems/ruby-2.2.0/gems/actionpack-4.2.0/lib/action_dispatch/middleware/templates/rescues/_trace.html.erb (2.4ms)
  Rendered /Users/peiyang/.rvm/gems/ruby-2.2.0/gems/actionpack-4.2.0/lib/action_dispatch/middleware/templates/rescues/_request_and_response.html.erb (0.9ms)
  Rendered /Users/peiyang/.rvm/gems/ruby-2.2.0/gems/actionpack-4.2.0/lib/action_dispatch/middleware/templates/rescues/diagnostics.html.erb within rescues/layout (52.0ms)
  Rendered /Users/peiyang/.rvm/gems/ruby-2.2.0/gems/web-console-2.1.2/lib/web_console/templates/_markup.html.erb (0.6ms)
  Rendered /Users/peiyang/.rvm/gems/ruby-2.2.0/gems/web-console-2.1.2/lib/web_console/templates/style.css.erb within layouts/inlined_string (0.5ms)
  Rendered /Users/peiyang/.rvm/gems/ruby-2.2.0/gems/web-console-2.1.2/lib/web_console/templates/_inner_console_markup.html.erb within layouts/inlined_string (0.5ms)
  Rendered /Users/peiyang/.rvm/gems/ruby-2.2.0/gems/web-console-2.1.2/lib/web_console/templates/_prompt_box_markup.html.erb within layouts/inlined_string (0.3ms)
  Rendered /Users/peiyang/.rvm/gems/ruby-2.2.0/gems/web-console-2.1.2/lib/web_console/templates/console.js.erb within layouts/javascript (50.7ms)
  Rendered /Users/peiyang/.rvm/gems/ruby-2.2.0/gems/web-console-2.1.2/lib/web_console/templates/main.js.erb within layouts/javascript (0.3ms)
  Rendered /Users/peiyang/.rvm/gems/ruby-2.2.0/gems/web-console-2.1.2/lib/web_console/templates/error_page.js.erb within layouts/javascript (0.5ms)
  Rendered /Users/peiyang/.rvm/gems/ruby-2.2.0/gems/web-console-2.1.2/lib/web_console/templates/index.html.erb (117.3ms)


Started GET "/query?name=Yang" for ::1 at 2015-11-21 16:04:54 -0800
Processing by WebservicesController#query as HTML
  Parameters: {"name"=>"Yang"}
Completed 500 Internal Server Error in 3ms

NameError (undefined local variable or method `http' for #<WebservicesController:0x007f856aca0228>):
  app/controllers/webservices_controller.rb:21:in `obtain_crime_by_zipcode'
  app/controllers/webservices_controller.rb:8:in `query'


  Rendered /Users/peiyang/.rvm/gems/ruby-2.2.0/gems/actionpack-4.2.0/lib/action_dispatch/middleware/templates/rescues/_source.erb (4.6ms)
  Rendered /Users/peiyang/.rvm/gems/ruby-2.2.0/gems/actionpack-4.2.0/lib/action_dispatch/middleware/templates/rescues/_trace.html.erb (2.3ms)
  Rendered /Users/peiyang/.rvm/gems/ruby-2.2.0/gems/actionpack-4.2.0/lib/action_dispatch/middleware/templates/rescues/_request_and_response.html.erb (0.9ms)
  Rendered /Users/peiyang/.rvm/gems/ruby-2.2.0/gems/actionpack-4.2.0/lib/action_dispatch/middleware/templates/rescues/diagnostics.html.erb within rescues/layout (49.9ms)
  Rendered /Users/peiyang/.rvm/gems/ruby-2.2.0/gems/web-console-2.1.2/lib/web_console/templates/_markup.html.erb (0.4ms)
  Rendered /Users/peiyang/.rvm/gems/ruby-2.2.0/gems/web-console-2.1.2/lib/web_console/templates/style.css.erb within layouts/inlined_string (0.3ms)
  Rendered /Users/peiyang/.rvm/gems/ruby-2.2.0/gems/web-console-2.1.2/lib/web_console/templates/_inner_console_markup.html.erb within layouts/inlined_string (0.3ms)
  Rendered /Users/peiyang/.rvm/gems/ruby-2.2.0/gems/web-console-2.1.2/lib/web_console/templates/_prompt_box_markup.html.erb within layouts/inlined_string (0.5ms)
  Rendered /Users/peiyang/.rvm/gems/ruby-2.2.0/gems/web-console-2.1.2/lib/web_console/templates/console.js.erb within layouts/javascript (40.2ms)
  Rendered /Users/peiyang/.rvm/gems/ruby-2.2.0/gems/web-console-2.1.2/lib/web_console/templates/main.js.erb within layouts/javascript (0.8ms)
  Rendered /Users/peiyang/.rvm/gems/ruby-2.2.0/gems/web-console-2.1.2/lib/web_console/templates/error_page.js.erb within layouts/javascript (0.4ms)
  Rendered /Users/peiyang/.rvm/gems/ruby-2.2.0/gems/web-console-2.1.2/lib/web_console/templates/index.html.erb (108.7ms)


Started GET "/query?name=Yang" for ::1 at 2015-11-21 16:05:59 -0800
Processing by WebservicesController#query as HTML
  Parameters: {"name"=>"Yang"}
Completed 500 Internal Server Error in 43ms

IOError (use_ssl value changed, but session already started):
  app/controllers/webservices_controller.rb:22:in `obtain_crime_by_zipcode'
  app/controllers/webservices_controller.rb:8:in `query'


  Rendered /Users/peiyang/.rvm/gems/ruby-2.2.0/gems/actionpack-4.2.0/lib/action_dispatch/middleware/templates/rescues/_source.erb (4.4ms)
  Rendered /Users/peiyang/.rvm/gems/ruby-2.2.0/gems/actionpack-4.2.0/lib/action_dispatch/middleware/templates/rescues/_trace.html.erb (2.2ms)
  Rendered /Users/peiyang/.rvm/gems/ruby-2.2.0/gems/actionpack-4.2.0/lib/action_dispatch/middleware/templates/rescues/_request_and_response.html.erb (0.9ms)
  Rendered /Users/peiyang/.rvm/gems/ruby-2.2.0/gems/actionpack-4.2.0/lib/action_dispatch/middleware/templates/rescues/diagnostics.html.erb within rescues/layout (48.1ms)
  Rendered /Users/peiyang/.rvm/gems/ruby-2.2.0/gems/web-console-2.1.2/lib/web_console/templates/_markup.html.erb (0.4ms)
  Rendered /Users/peiyang/.rvm/gems/ruby-2.2.0/gems/web-console-2.1.2/lib/web_console/templates/style.css.erb within layouts/inlined_string (0.5ms)
  Rendered /Users/peiyang/.rvm/gems/ruby-2.2.0/gems/web-console-2.1.2/lib/web_console/templates/_inner_console_markup.html.erb within layouts/inlined_string (0.7ms)
  Rendered /Users/peiyang/.rvm/gems/ruby-2.2.0/gems/web-console-2.1.2/lib/web_console/templates/_prompt_box_markup.html.erb within layouts/inlined_string (0.5ms)
  Rendered /Users/peiyang/.rvm/gems/ruby-2.2.0/gems/web-console-2.1.2/lib/web_console/templates/console.js.erb within layouts/javascript (67.3ms)
  Rendered /Users/peiyang/.rvm/gems/ruby-2.2.0/gems/web-console-2.1.2/lib/web_console/templates/main.js.erb within layouts/javascript (0.3ms)
  Rendered /Users/peiyang/.rvm/gems/ruby-2.2.0/gems/web-console-2.1.2/lib/web_console/templates/error_page.js.erb within layouts/javascript (0.5ms)
  Rendered /Users/peiyang/.rvm/gems/ruby-2.2.0/gems/web-console-2.1.2/lib/web_console/templates/index.html.erb (117.7ms)


Started GET "/query?name=Yang" for ::1 at 2015-11-21 16:07:17 -0800

SyntaxError (/Users/peiyang/Documents/Projects/toyapp/app/controllers/webservices_controller.rb:22: syntax error, unexpected tIDENTIFIER, expecting keyword_end
		// http.use_ssl = true
		       ^):
  app/controllers/webservices_controller.rb:22: syntax error, unexpected tIDENTIFIER, expecting keyword_end


  Rendered /Users/peiyang/.rvm/gems/ruby-2.2.0/gems/actionpack-4.2.0/lib/action_dispatch/middleware/templates/rescues/_source.erb (4.5ms)
  Rendered /Users/peiyang/.rvm/gems/ruby-2.2.0/gems/actionpack-4.2.0/lib/action_dispatch/middleware/templates/rescues/_trace.html.erb (3.2ms)
  Rendered /Users/peiyang/.rvm/gems/ruby-2.2.0/gems/actionpack-4.2.0/lib/action_dispatch/middleware/templates/rescues/_request_and_response.html.erb (1.0ms)
  Rendered /Users/peiyang/.rvm/gems/ruby-2.2.0/gems/actionpack-4.2.0/lib/action_dispatch/middleware/templates/rescues/diagnostics.html.erb within rescues/layout (55.0ms)
  Rendered /Users/peiyang/.rvm/gems/ruby-2.2.0/gems/web-console-2.1.2/lib/web_console/templates/_markup.html.erb (0.4ms)
  Rendered /Users/peiyang/.rvm/gems/ruby-2.2.0/gems/web-console-2.1.2/lib/web_console/templates/style.css.erb within layouts/inlined_string (0.4ms)
  Rendered /Users/peiyang/.rvm/gems/ruby-2.2.0/gems/web-console-2.1.2/lib/web_console/templates/_inner_console_markup.html.erb within layouts/inlined_string (0.3ms)
  Rendered /Users/peiyang/.rvm/gems/ruby-2.2.0/gems/web-console-2.1.2/lib/web_console/templates/_prompt_box_markup.html.erb within layouts/inlined_string (0.3ms)
  Rendered /Users/peiyang/.rvm/gems/ruby-2.2.0/gems/web-console-2.1.2/lib/web_console/templates/console.js.erb within layouts/javascript (40.8ms)
  Rendered /Users/peiyang/.rvm/gems/ruby-2.2.0/gems/web-console-2.1.2/lib/web_console/templates/main.js.erb within layouts/javascript (0.4ms)
  Rendered /Users/peiyang/.rvm/gems/ruby-2.2.0/gems/web-console-2.1.2/lib/web_console/templates/error_page.js.erb within layouts/javascript (0.4ms)
  Rendered /Users/peiyang/.rvm/gems/ruby-2.2.0/gems/web-console-2.1.2/lib/web_console/templates/index.html.erb (114.4ms)


Started GET "/query?name=Yang" for ::1 at 2015-11-21 16:07:28 -0800
Processing by WebservicesController#query as HTML
  Parameters: {"name"=>"Yang"}
Completed 500 Internal Server Error in 146ms

NameError (uninitialized class variable @@data in WebservicesController):
  app/controllers/webservices_controller.rb:14:in `block (2 levels) in query'
  app/controllers/webservices_controller.rb:12:in `query'


  Rendered /Users/peiyang/.rvm/gems/ruby-2.2.0/gems/actionpack-4.2.0/lib/action_dispatch/middleware/templates/rescues/_source.erb (4.6ms)
  Rendered /Users/peiyang/.rvm/gems/ruby-2.2.0/gems/actionpack-4.2.0/lib/action_dispatch/middleware/templates/rescues/_trace.html.erb (2.6ms)
  Rendered /Users/peiyang/.rvm/gems/ruby-2.2.0/gems/actionpack-4.2.0/lib/action_dispatch/middleware/templates/rescues/_request_and_response.html.erb (1.4ms)
  Rendered /Users/peiyang/.rvm/gems/ruby-2.2.0/gems/actionpack-4.2.0/lib/action_dispatch/middleware/templates/rescues/diagnostics.html.erb within rescues/layout (56.2ms)
  Rendered /Users/peiyang/.rvm/gems/ruby-2.2.0/gems/web-console-2.1.2/lib/web_console/templates/_markup.html.erb (0.4ms)
  Rendered /Users/peiyang/.rvm/gems/ruby-2.2.0/gems/web-console-2.1.2/lib/web_console/templates/style.css.erb within layouts/inlined_string (0.3ms)
  Rendered /Users/peiyang/.rvm/gems/ruby-2.2.0/gems/web-console-2.1.2/lib/web_console/templates/_inner_console_markup.html.erb within layouts/inlined_string (0.3ms)
  Rendered /Users/peiyang/.rvm/gems/ruby-2.2.0/gems/web-console-2.1.2/lib/web_console/templates/_prompt_box_markup.html.erb within layouts/inlined_string (0.3ms)
  Rendered /Users/peiyang/.rvm/gems/ruby-2.2.0/gems/web-console-2.1.2/lib/web_console/templates/console.js.erb within layouts/javascript (40.2ms)
  Rendered /Users/peiyang/.rvm/gems/ruby-2.2.0/gems/web-console-2.1.2/lib/web_console/templates/main.js.erb within layouts/javascript (0.4ms)
  Rendered /Users/peiyang/.rvm/gems/ruby-2.2.0/gems/web-console-2.1.2/lib/web_console/templates/error_page.js.erb within layouts/javascript (0.5ms)
  Rendered /Users/peiyang/.rvm/gems/ruby-2.2.0/gems/web-console-2.1.2/lib/web_console/templates/index.html.erb (92.3ms)


Started GET "/query?name=Yang" for ::1 at 2015-11-21 16:07:48 -0800
Processing by WebservicesController#query as HTML
  Parameters: {"name"=>"Yang"}
Completed 500 Internal Server Error in 43ms

NoMethodError (undefined method `+' for {}:Hash):
  app/controllers/webservices_controller.rb:14:in `block (2 levels) in query'
  app/controllers/webservices_controller.rb:12:in `query'


  Rendered /Users/peiyang/.rvm/gems/ruby-2.2.0/gems/actionpack-4.2.0/lib/action_dispatch/middleware/templates/rescues/_source.erb (6.7ms)
  Rendered /Users/peiyang/.rvm/gems/ruby-2.2.0/gems/actionpack-4.2.0/lib/action_dispatch/middleware/templates/rescues/_trace.html.erb (2.5ms)
  Rendered /Users/peiyang/.rvm/gems/ruby-2.2.0/gems/actionpack-4.2.0/lib/action_dispatch/middleware/templates/rescues/_request_and_response.html.erb (0.9ms)
  Rendered /Users/peiyang/.rvm/gems/ruby-2.2.0/gems/actionpack-4.2.0/lib/action_dispatch/middleware/templates/rescues/diagnostics.html.erb within rescues/layout (54.5ms)
  Rendered /Users/peiyang/.rvm/gems/ruby-2.2.0/gems/web-console-2.1.2/lib/web_console/templates/_markup.html.erb (0.6ms)
  Rendered /Users/peiyang/.rvm/gems/ruby-2.2.0/gems/web-console-2.1.2/lib/web_console/templates/style.css.erb within layouts/inlined_string (0.3ms)
  Rendered /Users/peiyang/.rvm/gems/ruby-2.2.0/gems/web-console-2.1.2/lib/web_console/templates/_inner_console_markup.html.erb within layouts/inlined_string (0.4ms)
  Rendered /Users/peiyang/.rvm/gems/ruby-2.2.0/gems/web-console-2.1.2/lib/web_console/templates/_prompt_box_markup.html.erb within layouts/inlined_string (0.4ms)
  Rendered /Users/peiyang/.rvm/gems/ruby-2.2.0/gems/web-console-2.1.2/lib/web_console/templates/console.js.erb within layouts/javascript (51.4ms)
  Rendered /Users/peiyang/.rvm/gems/ruby-2.2.0/gems/web-console-2.1.2/lib/web_console/templates/main.js.erb within layouts/javascript (0.4ms)
  Rendered /Users/peiyang/.rvm/gems/ruby-2.2.0/gems/web-console-2.1.2/lib/web_console/templates/error_page.js.erb within layouts/javascript (0.6ms)
  Rendered /Users/peiyang/.rvm/gems/ruby-2.2.0/gems/web-console-2.1.2/lib/web_console/templates/index.html.erb (114.9ms)


Started GET "/query?name=Yang" for ::1 at 2015-11-21 16:08:04 -0800
Processing by WebservicesController#query as HTML
  Parameters: {"name"=>"Yang"}
Completed 200 OK in 349ms (Views: 0.1ms | ActiveRecord: 0.0ms)


Started GET "/query?zipcode=97124" for ::1 at 2015-11-21 16:20:43 -0800
Processing by WebservicesController#query as HTML
  Parameters: {"zipcode"=>"97124"}
Completed 200 OK in 14ms (Views: 0.6ms | ActiveRecord: 0.0ms)


Started GET "/query?zipcode=97124" for 131.179.46.129 at 2015-11-21 16:23:35 -0800
Cannot render console from 131.179.46.129! Allowed networks: 127.0.0.1, ::1, 127.0.0.0/127.255.255.255
Processing by WebservicesController#query as HTML
  Parameters: {"zipcode"=>"97124"}
Completed 200 OK in 11ms (Views: 0.2ms | ActiveRecord: 0.0ms)


Started GET "/query?zipcode=97212" for 131.179.46.129 at 2015-11-21 16:29:13 -0800
Cannot render console from 131.179.46.129! Allowed networks: 127.0.0.1, ::1, 127.0.0.0/127.255.255.255
Processing by WebservicesController#query as */*
  Parameters: {"zipcode"=>"97212"}
Completed 200 OK in 1ms (Views: 0.4ms | ActiveRecord: 0.0ms)


Started GET "/query?zipcode=97212" for 131.179.46.129 at 2015-11-21 16:29:30 -0800
Cannot render console from 131.179.46.129! Allowed networks: 127.0.0.1, ::1, 127.0.0.0/127.255.255.255
Processing by WebservicesController#query as HTML
  Parameters: {"zipcode"=>"97212"}
Completed 200 OK in 1ms (Views: 0.3ms | ActiveRecord: 0.0ms)


Started GET "/query?zipcode=97212" for 131.179.46.129 at 2015-11-21 16:31:00 -0800
Cannot render console from 131.179.46.129! Allowed networks: 127.0.0.1, ::1, 127.0.0.0/127.255.255.255
Processing by WebservicesController#query as */*
  Parameters: {"zipcode"=>"97212"}
Completed 200 OK in 10ms (Views: 0.3ms | ActiveRecord: 0.0ms)


Started GET "/query?zipcode=97124" for 131.179.46.129 at 2015-11-21 16:37:28 -0800
Cannot render console from 131.179.46.129! Allowed networks: 127.0.0.1, ::1, 127.0.0.0/127.255.255.255

ActionController::RoutingError (undefined local variable or method `headers' for ApplicationController:Class):
  app/controllers/application_controller.rb:5:in `<class:ApplicationController>'
  app/controllers/application_controller.rb:1:in `<top (required)>'
  app/controllers/webservices_controller.rb:1:in `<top (required)>'


  Rendered /Users/peiyang/.rvm/gems/ruby-2.2.0/gems/actionpack-4.2.0/lib/action_dispatch/middleware/templates/rescues/_trace.html.erb (2.4ms)
  Rendered /Users/peiyang/.rvm/gems/ruby-2.2.0/gems/actionpack-4.2.0/lib/action_dispatch/middleware/templates/routes/_route.html.erb (0.8ms)
  Rendered /Users/peiyang/.rvm/gems/ruby-2.2.0/gems/actionpack-4.2.0/lib/action_dispatch/middleware/templates/routes/_table.html.erb (15.6ms)
  Rendered /Users/peiyang/.rvm/gems/ruby-2.2.0/gems/actionpack-4.2.0/lib/action_dispatch/middleware/templates/rescues/_request_and_response.html.erb (1.7ms)
  Rendered /Users/peiyang/.rvm/gems/ruby-2.2.0/gems/actionpack-4.2.0/lib/action_dispatch/middleware/templates/rescues/routing_error.html.erb within rescues/layout (88.4ms)


Started GET "/query?zipcode=97124" for 131.179.46.129 at 2015-11-21 16:38:56 -0800
Cannot render console from 131.179.46.129! Allowed networks: 127.0.0.1, ::1, 127.0.0.0/127.255.255.255

ActionController::RoutingError (undefined local variable or method `response' for ApplicationController:Class):
  app/controllers/application_controller.rb:5:in `<class:ApplicationController>'
  app/controllers/application_controller.rb:1:in `<top (required)>'
  app/controllers/webservices_controller.rb:1:in `<top (required)>'


  Rendered /Users/peiyang/.rvm/gems/ruby-2.2.0/gems/actionpack-4.2.0/lib/action_dispatch/middleware/templates/rescues/_trace.html.erb (2.1ms)
  Rendered /Users/peiyang/.rvm/gems/ruby-2.2.0/gems/actionpack-4.2.0/lib/action_dispatch/middleware/templates/routes/_route.html.erb (0.6ms)
  Rendered /Users/peiyang/.rvm/gems/ruby-2.2.0/gems/actionpack-4.2.0/lib/action_dispatch/middleware/templates/routes/_table.html.erb (1.2ms)
  Rendered /Users/peiyang/.rvm/gems/ruby-2.2.0/gems/actionpack-4.2.0/lib/action_dispatch/middleware/templates/rescues/_request_and_response.html.erb (1.6ms)
  Rendered /Users/peiyang/.rvm/gems/ruby-2.2.0/gems/actionpack-4.2.0/lib/action_dispatch/middleware/templates/rescues/routing_error.html.erb within rescues/layout (64.0ms)


Started GET "/query?zipcode=97124" for 131.179.46.129 at 2015-11-21 16:39:15 -0800
Cannot render console from 131.179.46.129! Allowed networks: 127.0.0.1, ::1, 127.0.0.0/127.255.255.255

ActionController::RoutingError (undefined local variable or method `response' for ApplicationController:Class):
  app/controllers/application_controller.rb:5:in `<class:ApplicationController>'
  app/controllers/application_controller.rb:1:in `<top (required)>'
  app/controllers/webservices_controller.rb:1:in `<top (required)>'


  Rendered /Users/peiyang/.rvm/gems/ruby-2.2.0/gems/actionpack-4.2.0/lib/action_dispatch/middleware/templates/rescues/_trace.html.erb (2.5ms)
  Rendered /Users/peiyang/.rvm/gems/ruby-2.2.0/gems/actionpack-4.2.0/lib/action_dispatch/middleware/templates/routes/_route.html.erb (0.7ms)
  Rendered /Users/peiyang/.rvm/gems/ruby-2.2.0/gems/actionpack-4.2.0/lib/action_dispatch/middleware/templates/routes/_table.html.erb (1.4ms)
  Rendered /Users/peiyang/.rvm/gems/ruby-2.2.0/gems/actionpack-4.2.0/lib/action_dispatch/middleware/templates/rescues/_request_and_response.html.erb (1.1ms)
  Rendered /Users/peiyang/.rvm/gems/ruby-2.2.0/gems/actionpack-4.2.0/lib/action_dispatch/middleware/templates/rescues/routing_error.html.erb within rescues/layout (62.4ms)


Started GET "/query?zipcode=97124" for 131.179.46.129 at 2015-11-21 16:39:20 -0800
Cannot render console from 131.179.46.129! Allowed networks: 127.0.0.1, ::1, 127.0.0.0/127.255.255.255

ActionController::RoutingError (undefined local variable or method `response' for ApplicationController:Class):
  app/controllers/application_controller.rb:5:in `<class:ApplicationController>'
  app/controllers/application_controller.rb:1:in `<top (required)>'
  app/controllers/webservices_controller.rb:1:in `<top (required)>'


  Rendered /Users/peiyang/.rvm/gems/ruby-2.2.0/gems/actionpack-4.2.0/lib/action_dispatch/middleware/templates/rescues/_trace.html.erb (2.2ms)
  Rendered /Users/peiyang/.rvm/gems/ruby-2.2.0/gems/actionpack-4.2.0/lib/action_dispatch/middleware/templates/routes/_route.html.erb (0.7ms)
  Rendered /Users/peiyang/.rvm/gems/ruby-2.2.0/gems/actionpack-4.2.0/lib/action_dispatch/middleware/templates/routes/_table.html.erb (1.4ms)
  Rendered /Users/peiyang/.rvm/gems/ruby-2.2.0/gems/actionpack-4.2.0/lib/action_dispatch/middleware/templates/rescues/_request_and_response.html.erb (1.1ms)
  Rendered /Users/peiyang/.rvm/gems/ruby-2.2.0/gems/actionpack-4.2.0/lib/action_dispatch/middleware/templates/rescues/routing_error.html.erb within rescues/layout (66.8ms)


Started GET "/query?zipcode=97124" for 131.179.46.129 at 2015-11-21 16:39:28 -0800
Cannot render console from 131.179.46.129! Allowed networks: 127.0.0.1, ::1, 127.0.0.0/127.255.255.255
Processing by WebservicesController#query as HTML
  Parameters: {"zipcode"=>"97124"}
Completed 200 OK in 2ms (Views: 0.2ms | ActiveRecord: 0.0ms)


Started GET "/query?zipcode=97212" for 131.179.46.129 at 2015-11-21 16:39:40 -0800
Cannot render console from 131.179.46.129! Allowed networks: 127.0.0.1, ::1, 127.0.0.0/127.255.255.255
Processing by WebservicesController#query as */*
  Parameters: {"zipcode"=>"97212"}
Completed 200 OK in 1ms (Views: 0.2ms | ActiveRecord: 0.0ms)


Started GET "/query?zipcode=97212" for 131.179.46.129 at 2015-11-21 16:42:52 -0800
Cannot render console from 131.179.46.129! Allowed networks: 127.0.0.1, ::1, 127.0.0.0/127.255.255.255
Processing by WebservicesController#query as */*
  Parameters: {"zipcode"=>"97212"}
Completed 200 OK in 1ms (Views: 0.2ms | ActiveRecord: 0.0ms)


Started GET "/query?zipcode=97212" for 131.179.46.129 at 2015-11-21 16:43:14 -0800
Cannot render console from 131.179.46.129! Allowed networks: 127.0.0.1, ::1, 127.0.0.0/127.255.255.255
Processing by WebservicesController#query as */*
  Parameters: {"zipcode"=>"97212"}
Completed 200 OK in 0ms (Views: 0.2ms | ActiveRecord: 0.0ms)


Started GET "/query?zipcode=97212" for 131.179.46.129 at 2015-11-21 16:43:47 -0800
Cannot render console from 131.179.46.129! Allowed networks: 127.0.0.1, ::1, 127.0.0.0/127.255.255.255
Processing by WebservicesController#query as */*
  Parameters: {"zipcode"=>"97212"}
Completed 200 OK in 1ms (Views: 0.2ms | ActiveRecord: 0.0ms)


Started GET "/query?zipcode=97210" for 131.179.46.129 at 2015-11-21 16:45:15 -0800
Cannot render console from 131.179.46.129! Allowed networks: 127.0.0.1, ::1, 127.0.0.0/127.255.255.255
Processing by WebservicesController#query as */*
  Parameters: {"zipcode"=>"97210"}
Completed 200 OK in 1ms (Views: 0.3ms | ActiveRecord: 0.0ms)


Started GET "/query?zipcode=97229" for 131.179.46.129 at 2015-11-21 16:45:18 -0800
Cannot render console from 131.179.46.129! Allowed networks: 127.0.0.1, ::1, 127.0.0.0/127.255.255.255
Processing by WebservicesController#query as */*
  Parameters: {"zipcode"=>"97229"}
Completed 200 OK in 1ms (Views: 0.2ms | ActiveRecord: 0.0ms)


Started GET "/query?zipcode=97212" for 131.179.46.129 at 2015-11-21 16:51:24 -0800
Cannot render console from 131.179.46.129! Allowed networks: 127.0.0.1, ::1, 127.0.0.0/127.255.255.255
Processing by WebservicesController#query as */*
  Parameters: {"zipcode"=>"97212"}
Completed 200 OK in 5ms (Views: 0.7ms | ActiveRecord: 0.0ms)
